# JRE version: OpenJDK Runtime Environment (8.0_212-b04) (build 1.8.0_212-release-1586-b04)
# Java VM: OpenJDK 64-Bit Server VM (25.212-b04 mixed mode windows-amd64 compressed oops)
Heap:
 PSYoungGen      total 376832K, used 218320K [0x00000000e0000000, 0x00000000fc580000, 0x0000000100000000)
  eden space 300544K, 68% used [0x00000000e0000000,0x00000000ec897260,0x00000000f2580000)
  from space 76288K, 16% used [0x00000000f7b00000,0x00000000f879cdf0,0x00000000fc580000)
  to   space 81920K, 0% used [0x00000000f2580000,0x00000000f2580000,0x00000000f7580000)
 ParOldGen       total 212992K, used 52595K [0x00000000a0000000, 0x00000000ad000000, 0x00000000e0000000)
  object space 212992K, 24% used [0x00000000a0000000,0x00000000a335cc80,0x00000000ad000000)
 Metaspace       used 92201K, capacity 97357K, committed 99392K, reserved 1134592K
  class space    used 11897K, capacity 12830K, committed 13400K, reserved 1048576K
GC Heap History (10 events):
Event: 1343.736 GC heap before
{Heap before GC invocations=36 (full 3):
 PSYoungGen      total 324608K, used 324579K [0x00000000e0000000, 0x00000000fb480000, 0x0000000100000000)
  eden space 263680K, 100% used [0x00000000e0000000,0x00000000f0180000,0x00000000f0180000)
  from space 60928K, 99% used [0x00000000f4f00000,0x00000000f8a78cb0,0x00000000f8a80000)
  to   space 79360K, 0% used [0x00000000f0180000,0x00000000f0180000,0x00000000f4f00000)
 ParOldGen       total 145920K, used 111626K [0x00000000a0000000, 0x00000000a8e80000, 0x00000000e0000000)
  object space 145920K, 76% used [0x00000000a0000000,0x00000000a6d02b58,0x00000000a8e80000)
 Metaspace       used 91681K, capacity 97638K, committed 98008K, reserved 1134592K
  class space    used 12089K, capacity 13170K, committed 13272K, reserved 1048576K
Event: 1343.767 GC heap after
Heap after GC invocations=36 (full 3):
 PSYoungGen      total 343040K, used 54859K [0x00000000e0000000, 0x00000000faf00000, 0x0000000100000000)
  eden space 263680K, 0% used [0x00000000e0000000,0x00000000e0000000,0x00000000f0180000)
  from space 79360K, 69% used [0x00000000f0180000,0x00000000f3712c68,0x00000000f4f00000)
  to   space 82432K, 0% used [0x00000000f5e80000,0x00000000f5e80000,0x00000000faf00000)
 ParOldGen       total 145920K, used 112802K [0x00000000a0000000, 0x00000000a8e80000, 0x00000000e0000000)
  object space 145920K, 77% used [0x00000000a0000000,0x00000000a6e28b28,0x00000000a8e80000)
 Metaspace       used 91681K, capacity 97638K, committed 98008K, reserved 1134592K
  class space    used 12089K, capacity 13170K, committed 13272K, reserved 1048576K
}
Event: 1344.034 GC heap before
{Heap before GC invocations=37 (full 3):
 PSYoungGen      total 343040K, used 120420K [0x00000000e0000000, 0x00000000faf00000, 0x0000000100000000)
  eden space 263680K, 24% used [0x00000000e0000000,0x00000000e40066e8,0x00000000f0180000)
  from space 79360K, 69% used [0x00000000f0180000,0x00000000f3712c68,0x00000000f4f00000)
  to   space 82432K, 0% used [0x00000000f5e80000,0x00000000f5e80000,0x00000000faf00000)
 ParOldGen       total 145920K, used 112802K [0x00000000a0000000, 0x00000000a8e80000, 0x00000000e0000000)
  object space 145920K, 77% used [0x00000000a0000000,0x00000000a6e28b28,0x00000000a8e80000)
 Metaspace       used 92014K, capacity 98315K, committed 98496K, reserved 1134592K
  class space    used 12144K, capacity 13272K, committed 13272K, reserved 1048576K
Event: 1344.070 GC heap after
Heap after GC invocations=37 (full 3):
 PSYoungGen      total 357888K, used 51351K [0x00000000e0000000, 0x00000000fc000000, 0x0000000100000000)
  eden space 275456K, 0% used [0x00000000e0000000,0x00000000e0000000,0x00000000f0d00000)
  from space 82432K, 62% used [0x00000000f5e80000,0x00000000f90a5fe0,0x00000000faf00000)
  to   space 83456K, 0% used [0x00000000f0d00000,0x00000000f0d00000,0x00000000f5e80000)
 ParOldGen       total 145920K, used 112810K [0x00000000a0000000, 0x00000000a8e80000, 0x00000000e0000000)
  object space 145920K, 77% used [0x00000000a0000000,0x00000000a6e2ab28,0x00000000a8e80000)
 Metaspace       used 92014K, capacity 98315K, committed 98496K, reserved 1134592K
  class space    used 12144K, capacity 13272K, committed 13272K, reserved 1048576K
}
Event: 1344.070 GC heap before
{Heap before GC invocations=38 (full 4):
 PSYoungGen      total 357888K, used 51351K [0x00000000e0000000, 0x00000000fc000000, 0x0000000100000000)
  eden space 275456K, 0% used [0x00000000e0000000,0x00000000e0000000,0x00000000f0d00000)
  from space 82432K, 62% used [0x00000000f5e80000,0x00000000f90a5fe0,0x00000000faf00000)
  to   space 83456K, 0% used [0x00000000f0d00000,0x00000000f0d00000,0x00000000f5e80000)
 ParOldGen       total 145920K, used 112810K [0x00000000a0000000, 0x00000000a8e80000, 0x00000000e0000000)
  object space 145920K, 77% used [0x00000000a0000000,0x00000000a6e2ab28,0x00000000a8e80000)
 Metaspace       used 92014K, capacity 98315K, committed 98496K, reserved 1134592K
  class space    used 12144K, capacity 13272K, committed 13272K, reserved 1048576K
Event: 1344.191 GC heap after
Heap after GC invocations=38 (full 4):
 PSYoungGen      total 357888K, used 0K [0x00000000e0000000, 0x00000000fc000000, 0x0000000100000000)
  eden space 275456K, 0% used [0x00000000e0000000,0x00000000e0000000,0x00000000f0d00000)
  from space 82432K, 0% used [0x00000000f5e80000,0x00000000f5e80000,0x00000000faf00000)
  to   space 83456K, 0% used [0x00000000f0d00000,0x00000000f0d00000,0x00000000f5e80000)
 ParOldGen       total 212992K, used 52579K [0x00000000a0000000, 0x00000000ad000000, 0x00000000e0000000)
  object space 212992K, 24% used [0x00000000a0000000,0x00000000a3358c80,0x00000000ad000000)
 Metaspace       used 90983K, capacity 95579K, committed 98496K, reserved 1134592K
  class space    used 11783K, capacity 12638K, committed 13272K, reserved 1048576K
}
Event: 1517.732 GC heap before
{Heap before GC invocations=39 (full 4):
 PSYoungGen      total 357888K, used 275456K [0x00000000e0000000, 0x00000000fc000000, 0x0000000100000000)
  eden space 275456K, 100% used [0x00000000e0000000,0x00000000f0d00000,0x00000000f0d00000)
  from space 82432K, 0% used [0x00000000f5e80000,0x00000000f5e80000,0x00000000faf00000)
  to   space 83456K, 0% used [0x00000000f0d00000,0x00000000f0d00000,0x00000000f5e80000)
 ParOldGen       total 212992K, used 52579K [0x00000000a0000000, 0x00000000ad000000, 0x00000000e0000000)
  object space 212992K, 24% used [0x00000000a0000000,0x00000000a3358c80,0x00000000ad000000)
 Metaspace       used 91517K, capacity 96533K, committed 98880K, reserved 1134592K
  class space    used 11851K, capacity 12764K, committed 13400K, reserved 1048576K
Event: 1517.743 GC heap after
Heap after GC invocations=39 (full 4):
 PSYoungGen      total 358912K, used 15308K [0x00000000e0000000, 0x00000000fcc00000, 0x0000000100000000)
  eden space 275456K, 0% used [0x00000000e0000000,0x00000000e0000000,0x00000000f0d00000)
  from space 83456K, 18% used [0x00000000f0d00000,0x00000000f1bf3038,0x00000000f5e80000)
  to   space 82944K, 0% used [0x00000000f7b00000,0x00000000f7b00000,0x00000000fcc00000)
 ParOldGen       total 212992K, used 52587K [0x00000000a0000000, 0x00000000ad000000, 0x00000000e0000000)
  object space 212992K, 24% used [0x00000000a0000000,0x00000000a335ac80,0x00000000ad000000)
 Metaspace       used 91517K, capacity 96533K, committed 98880K, reserved 1134592K
  class space    used 11851K, capacity 12764K, committed 13400K, reserved 1048576K
}
Event: 1637.870 GC heap before
{Heap before GC invocations=40 (full 4):
 PSYoungGen      total 358912K, used 290764K [0x00000000e0000000, 0x00000000fcc00000, 0x0000000100000000)
  eden space 275456K, 100% used [0x00000000e0000000,0x00000000f0d00000,0x00000000f0d00000)
  from space 83456K, 18% used [0x00000000f0d00000,0x00000000f1bf3038,0x00000000f5e80000)
  to   space 82944K, 0% used [0x00000000f7b00000,0x00000000f7b00000,0x00000000fcc00000)
 ParOldGen       total 212992K, used 52587K [0x00000000a0000000, 0x00000000ad000000, 0x00000000e0000000)
  object space 212992K, 24% used [0x00000000a0000000,0x00000000a335ac80,0x00000000ad000000)
 Metaspace       used 91847K, capacity 96935K, committed 99136K, reserved 1134592K
  class space    used 11864K, capacity 12767K, committed 13400K, reserved 1048576K
Event: 1637.879 GC heap after
Heap after GC invocations=40 (full 4):
 PSYoungGen      total 376832K, used 12915K [0x00000000e0000000, 0x00000000fc580000, 0x0000000100000000)
  eden space 300544K, 0% used [0x00000000e0000000,0x00000000e0000000,0x00000000f2580000)
  from space 76288K, 16% used [0x00000000f7b00000,0x00000000f879cdf0,0x00000000fc580000)
  to   space 81920K, 0% used [0x00000000f2580000,0x00000000f2580000,0x00000000f7580000)
 ParOldGen       total 212992K, used 52595K [0x00000000a0000000, 0x00000000ad000000, 0x00000000e0000000)
  object space 212992K, 24% used [0x00000000a0000000,0x00000000a335cc80,0x00000000ad000000)
 Metaspace       used 91847K, capacity 96935K, committed 99136K, reserved 1134592K
  class space    used 11864K, capacity 12767K, committed 13400K, reserved 1048576K
}

