# JRE version: OpenJDK Runtime Environment (8.0_212-b04) (build 1.8.0_212-release-1586-b04)
# Java VM: OpenJDK 64-Bit Server VM (25.212-b04 mixed mode windows-amd64 compressed oops)
Heap:
 PSYoungGen      total 150528K, used 36466K [0x00000000e0000000, 0x00000000eaa00000, 0x0000000100000000)
  eden space 134144K, 20% used [0x00000000e0000000,0x00000000e1aaa190,0x00000000e8300000)
  from space 16384K, 55% used [0x00000000e9a00000,0x00000000ea2f2950,0x00000000eaa00000)
  to   space 19968K, 0% used [0x00000000e8300000,0x00000000e8300000,0x00000000e9680000)
 ParOldGen       total 100352K, used 30440K [0x00000000a0000000, 0x00000000a6200000, 0x00000000e0000000)
  object space 100352K, 30% used [0x00000000a0000000,0x00000000a1dba250,0x00000000a6200000)
 Metaspace       used 62846K, capacity 64886K, committed 65152K, reserved 1105920K
  class space    used 8568K, capacity 9050K, committed 9088K, reserved 1048576K
GC Heap History (10 events):
Event: 21.532 GC heap before
{Heap before GC invocations=13 (full 2):
 PSYoungGen      total 105472K, used 104691K [0x00000000e0000000, 0x00000000e7500000, 0x0000000100000000)
  eden space 97280K, 100% used [0x00000000e0000000,0x00000000e5f00000,0x00000000e5f00000)
  from space 8192K, 90% used [0x00000000e6d00000,0x00000000e743ce48,0x00000000e7500000)
  to   space 11264K, 0% used [0x00000000e5f00000,0x00000000e5f00000,0x00000000e6a00000)
 ParOldGen       total 66560K, used 14881K [0x00000000a0000000, 0x00000000a4100000, 0x00000000e0000000)
  object space 66560K, 22% used [0x00000000a0000000,0x00000000a0e885c0,0x00000000a4100000)
 Metaspace       used 47347K, capacity 48762K, committed 48896K, reserved 1091584K
  class space    used 6276K, capacity 6626K, committed 6656K, reserved 1048576K
Event: 21.553 GC heap after
Heap after GC invocations=13 (full 2):
 PSYoungGen      total 108544K, used 11239K [0x00000000e0000000, 0x00000000e8d00000, 0x0000000100000000)
  eden space 97280K, 0% used [0x00000000e0000000,0x00000000e0000000,0x00000000e5f00000)
  from space 11264K, 99% used [0x00000000e5f00000,0x00000000e69f9ca0,0x00000000e6a00000)
  to   space 14848K, 0% used [0x00000000e7e80000,0x00000000e7e80000,0x00000000e8d00000)
 ParOldGen       total 66560K, used 19752K [0x00000000a0000000, 0x00000000a4100000, 0x00000000e0000000)
  object space 66560K, 29% used [0x00000000a0000000,0x00000000a134a0b0,0x00000000a4100000)
 Metaspace       used 47347K, capacity 48762K, committed 48896K, reserved 1091584K
  class space    used 6276K, capacity 6626K, committed 6656K, reserved 1048576K
}
Event: 23.758 GC heap before
{Heap before GC invocations=14 (full 2):
 PSYoungGen      total 108544K, used 108519K [0x00000000e0000000, 0x00000000e8d00000, 0x0000000100000000)
  eden space 97280K, 100% used [0x00000000e0000000,0x00000000e5f00000,0x00000000e5f00000)
  from space 11264K, 99% used [0x00000000e5f00000,0x00000000e69f9ca0,0x00000000e6a00000)
  to   space 14848K, 0% used [0x00000000e7e80000,0x00000000e7e80000,0x00000000e8d00000)
 ParOldGen       total 66560K, used 19752K [0x00000000a0000000, 0x00000000a4100000, 0x00000000e0000000)
  object space 66560K, 29% used [0x00000000a0000000,0x00000000a134a0b0,0x00000000a4100000)
 Metaspace       used 55685K, capacity 57606K, committed 57856K, reserved 1099776K
  class space    used 7476K, capacity 7907K, committed 7936K, reserved 1048576K
Event: 23.777 GC heap after
Heap after GC invocations=14 (full 2):
 PSYoungGen      total 125440K, used 14828K [0x00000000e0000000, 0x00000000e9600000, 0x0000000100000000)
  eden space 110592K, 0% used [0x00000000e0000000,0x00000000e0000000,0x00000000e6c00000)
  from space 14848K, 99% used [0x00000000e7e80000,0x00000000e8cfb310,0x00000000e8d00000)
  to   space 18944K, 0% used [0x00000000e6c00000,0x00000000e6c00000,0x00000000e7e80000)
 ParOldGen       total 66560K, used 25955K [0x00000000a0000000, 0x00000000a4100000, 0x00000000e0000000)
  object space 66560K, 38% used [0x00000000a0000000,0x00000000a1958e38,0x00000000a4100000)
 Metaspace       used 55685K, capacity 57606K, committed 57856K, reserved 1099776K
  class space    used 7476K, capacity 7907K, committed 7936K, reserved 1048576K
}
Event: 24.336 GC heap before
{Heap before GC invocations=15 (full 2):
 PSYoungGen      total 125440K, used 46230K [0x00000000e0000000, 0x00000000e9600000, 0x0000000100000000)
  eden space 110592K, 28% used [0x00000000e0000000,0x00000000e1eaa668,0x00000000e6c00000)
  from space 14848K, 99% used [0x00000000e7e80000,0x00000000e8cfb310,0x00000000e8d00000)
  to   space 18944K, 0% used [0x00000000e6c00000,0x00000000e6c00000,0x00000000e7e80000)
 ParOldGen       total 66560K, used 25955K [0x00000000a0000000, 0x00000000a4100000, 0x00000000e0000000)
  object space 66560K, 38% used [0x00000000a0000000,0x00000000a1958e38,0x00000000a4100000)
 Metaspace       used 57129K, capacity 59074K, committed 59136K, reserved 1099776K
  class space    used 7709K, capacity 8182K, committed 8192K, reserved 1048576K
Event: 24.348 GC heap after
Heap after GC invocations=15 (full 2):
 PSYoungGen      total 129536K, used 16961K [0x00000000e0000000, 0x00000000eae80000, 0x0000000100000000)
  eden space 110592K, 0% used [0x00000000e0000000,0x00000000e0000000,0x00000000e6c00000)
  from space 18944K, 89% used [0x00000000e6c00000,0x00000000e7c90778,0x00000000e7e80000)
  to   space 20992K, 0% used [0x00000000e9a00000,0x00000000e9a00000,0x00000000eae80000)
 ParOldGen       total 66560K, used 25963K [0x00000000a0000000, 0x00000000a4100000, 0x00000000e0000000)
  object space 66560K, 39% used [0x00000000a0000000,0x00000000a195ae38,0x00000000a4100000)
 Metaspace       used 57129K, capacity 59074K, committed 59136K, reserved 1099776K
  class space    used 7709K, capacity 8182K, committed 8192K, reserved 1048576K
}
Event: 24.348 GC heap before
{Heap before GC invocations=16 (full 3):
 PSYoungGen      total 129536K, used 16961K [0x00000000e0000000, 0x00000000eae80000, 0x0000000100000000)
  eden space 110592K, 0% used [0x00000000e0000000,0x00000000e0000000,0x00000000e6c00000)
  from space 18944K, 89% used [0x00000000e6c00000,0x00000000e7c90778,0x00000000e7e80000)
  to   space 20992K, 0% used [0x00000000e9a00000,0x00000000e9a00000,0x00000000eae80000)
 ParOldGen       total 66560K, used 25963K [0x00000000a0000000, 0x00000000a4100000, 0x00000000e0000000)
  object space 66560K, 39% used [0x00000000a0000000,0x00000000a195ae38,0x00000000a4100000)
 Metaspace       used 57129K, capacity 59074K, committed 59136K, reserved 1099776K
  class space    used 7709K, capacity 8182K, committed 8192K, reserved 1048576K
Event: 24.548 GC heap after
Heap after GC invocations=16 (full 3):
 PSYoungGen      total 129536K, used 0K [0x00000000e0000000, 0x00000000eae80000, 0x0000000100000000)
  eden space 110592K, 0% used [0x00000000e0000000,0x00000000e0000000,0x00000000e6c00000)
  from space 18944K, 0% used [0x00000000e6c00000,0x00000000e6c00000,0x00000000e7e80000)
  to   space 20992K, 0% used [0x00000000e9a00000,0x00000000e9a00000,0x00000000eae80000)
 ParOldGen       total 100352K, used 30432K [0x00000000a0000000, 0x00000000a6200000, 0x00000000e0000000)
  object space 100352K, 30% used [0x00000000a0000000,0x00000000a1db8250,0x00000000a6200000)
 Metaspace       used 57078K, capacity 58902K, committed 59136K, reserved 1099776K
  class space    used 7694K, capacity 8160K, committed 8192K, reserved 1048576K
}
Event: 26.283 GC heap before
{Heap before GC invocations=17 (full 3):
 PSYoungGen      total 129536K, used 110592K [0x00000000e0000000, 0x00000000eae80000, 0x0000000100000000)
  eden space 110592K, 100% used [0x00000000e0000000,0x00000000e6c00000,0x00000000e6c00000)
  from space 18944K, 0% used [0x00000000e6c00000,0x00000000e6c00000,0x00000000e7e80000)
  to   space 20992K, 0% used [0x00000000e9a00000,0x00000000e9a00000,0x00000000eae80000)
 ParOldGen       total 100352K, used 30432K [0x00000000a0000000, 0x00000000a6200000, 0x00000000e0000000)
  object space 100352K, 30% used [0x00000000a0000000,0x00000000a1db8250,0x00000000a6200000)
 Metaspace       used 61435K, capacity 63530K, committed 63616K, reserved 1103872K
  class space    used 8358K, capacity 8817K, committed 8832K, reserved 1048576K
Event: 26.292 GC heap after
Heap after GC invocations=17 (full 3):
 PSYoungGen      total 150528K, used 9162K [0x00000000e0000000, 0x00000000eaa00000, 0x0000000100000000)
  eden space 134144K, 0% used [0x00000000e0000000,0x00000000e0000000,0x00000000e8300000)
  from space 16384K, 55% used [0x00000000e9a00000,0x00000000ea2f2950,0x00000000eaa00000)
  to   space 19968K, 0% used [0x00000000e8300000,0x00000000e8300000,0x00000000e9680000)
 ParOldGen       total 100352K, used 30440K [0x00000000a0000000, 0x00000000a6200000, 0x00000000e0000000)
  object space 100352K, 30% used [0x00000000a0000000,0x00000000a1dba250,0x00000000a6200000)
 Metaspace       used 61435K, capacity 63530K, committed 63616K, reserved 1103872K
  class space    used 8358K, capacity 8817K, committed 8832K, reserved 1048576K
}

