# JRE version: OpenJDK Runtime Environment (8.0_212-b04) (build 1.8.0_212-release-1586-b04)
# Java VM: OpenJDK 64-Bit Server VM (25.212-b04 mixed mode windows-amd64 compressed oops)
Heap:
 PSYoungGen      total 119808K, used 34216K [0x00000000e0000000, 0x00000000e8780000, 0x0000000100000000)
  eden space 102912K, 33% used [0x00000000e0000000,0x00000000e216a248,0x00000000e6480000)
  from space 16896K, 0% used [0x00000000e6480000,0x00000000e6480000,0x00000000e7500000)
  to   space 13824K, 0% used [0x00000000e7500000,0x00000000e7500000,0x00000000e8280000)
 ParOldGen       total 97792K, used 30425K [0x00000000a0000000, 0x00000000a5f80000, 0x00000000e0000000)
  object space 97792K, 31% used [0x00000000a0000000,0x00000000a1db6558,0x00000000a5f80000)
 Metaspace       used 58706K, capacity 60748K, committed 61080K, reserved 1101824K
  class space    used 8031K, capacity 8493K, committed 8616K, reserved 1048576K
GC Heap History (10 events):
Event: 25.108 GC heap before
{Heap before GC invocations=14 (full 2):
 PSYoungGen      total 72192K, used 61952K [0x00000000e0000000, 0x00000000e6880000, 0x0000000100000000)
  eden space 61952K, 100% used [0x00000000e0000000,0x00000000e3c80000,0x00000000e3c80000)
  from space 10240K, 0% used [0x00000000e3c80000,0x00000000e3c80000,0x00000000e4680000)
  to   space 11264K, 0% used [0x00000000e5d80000,0x00000000e5d80000,0x00000000e6880000)
 ParOldGen       total 97792K, used 16463K [0x00000000a0000000, 0x00000000a5f80000, 0x00000000e0000000)
  object space 97792K, 16% used [0x00000000a0000000,0x00000000a1013ee8,0x00000000a5f80000)
 Metaspace       used 39927K, capacity 41182K, committed 41384K, reserved 1085440K
  class space    used 5388K, capacity 5711K, committed 5800K, reserved 1048576K
Event: 25.121 GC heap after
Heap after GC invocations=14 (full 2):
 PSYoungGen      total 90624K, used 7656K [0x00000000e0000000, 0x00000000e6600000, 0x0000000100000000)
  eden space 81920K, 0% used [0x00000000e0000000,0x00000000e0000000,0x00000000e5000000)
  from space 8704K, 87% used [0x00000000e5d80000,0x00000000e64fa238,0x00000000e6600000)
  to   space 11264K, 0% used [0x00000000e5000000,0x00000000e5000000,0x00000000e5b00000)
 ParOldGen       total 97792K, used 16471K [0x00000000a0000000, 0x00000000a5f80000, 0x00000000e0000000)
  object space 97792K, 16% used [0x00000000a0000000,0x00000000a1015ee8,0x00000000a5f80000)
 Metaspace       used 39927K, capacity 41182K, committed 41384K, reserved 1085440K
  class space    used 5388K, capacity 5711K, committed 5800K, reserved 1048576K
}
Event: 28.768 GC heap before
{Heap before GC invocations=15 (full 2):
 PSYoungGen      total 90624K, used 89175K [0x00000000e0000000, 0x00000000e6600000, 0x0000000100000000)
  eden space 81920K, 99% used [0x00000000e0000000,0x00000000e4f9b9f0,0x00000000e5000000)
  from space 8704K, 87% used [0x00000000e5d80000,0x00000000e64fa238,0x00000000e6600000)
  to   space 11264K, 0% used [0x00000000e5000000,0x00000000e5000000,0x00000000e5b00000)
 ParOldGen       total 97792K, used 16471K [0x00000000a0000000, 0x00000000a5f80000, 0x00000000e0000000)
  object space 97792K, 16% used [0x00000000a0000000,0x00000000a1015ee8,0x00000000a5f80000)
 Metaspace       used 48665K, capacity 50018K, committed 50088K, reserved 1093632K
  class space    used 6486K, capacity 6824K, committed 6824K, reserved 1048576K
Event: 28.785 GC heap after
Heap after GC invocations=15 (full 2):
 PSYoungGen      total 93184K, used 11260K [0x00000000e0000000, 0x00000000e8280000, 0x0000000100000000)
  eden space 81920K, 0% used [0x00000000e0000000,0x00000000e0000000,0x00000000e5000000)
  from space 11264K, 99% used [0x00000000e5000000,0x00000000e5aff198,0x00000000e5b00000)
  to   space 13824K, 0% used [0x00000000e7500000,0x00000000e7500000,0x00000000e8280000)
 ParOldGen       total 97792K, used 20011K [0x00000000a0000000, 0x00000000a5f80000, 0x00000000e0000000)
  object space 97792K, 20% used [0x00000000a0000000,0x00000000a138aef8,0x00000000a5f80000)
 Metaspace       used 48665K, capacity 50018K, committed 50088K, reserved 1093632K
  class space    used 6486K, capacity 6824K, committed 6824K, reserved 1048576K
}
Event: 31.102 GC heap before
{Heap before GC invocations=16 (full 2):
 PSYoungGen      total 93184K, used 93180K [0x00000000e0000000, 0x00000000e8280000, 0x0000000100000000)
  eden space 81920K, 100% used [0x00000000e0000000,0x00000000e5000000,0x00000000e5000000)
  from space 11264K, 99% used [0x00000000e5000000,0x00000000e5aff198,0x00000000e5b00000)
  to   space 13824K, 0% used [0x00000000e7500000,0x00000000e7500000,0x00000000e8280000)
 ParOldGen       total 97792K, used 20011K [0x00000000a0000000, 0x00000000a5f80000, 0x00000000e0000000)
  object space 97792K, 20% used [0x00000000a0000000,0x00000000a138aef8,0x00000000a5f80000)
 Metaspace       used 55581K, capacity 57544K, committed 57640K, reserved 1099776K
  class space    used 7506K, capacity 7945K, committed 7976K, reserved 1048576K
Event: 31.119 GC heap after
Heap after GC invocations=16 (full 2):
 PSYoungGen      total 116736K, used 13812K [0x00000000e0000000, 0x00000000e8780000, 0x0000000100000000)
  eden space 102912K, 0% used [0x00000000e0000000,0x00000000e0000000,0x00000000e6480000)
  from space 13824K, 99% used [0x00000000e7500000,0x00000000e827d3c0,0x00000000e8280000)
  to   space 16896K, 0% used [0x00000000e6480000,0x00000000e6480000,0x00000000e7500000)
 ParOldGen       total 97792K, used 24185K [0x00000000a0000000, 0x00000000a5f80000, 0x00000000e0000000)
  object space 97792K, 24% used [0x00000000a0000000,0x00000000a179e550,0x00000000a5f80000)
 Metaspace       used 55581K, capacity 57544K, committed 57640K, reserved 1099776K
  class space    used 7506K, capacity 7945K, committed 7976K, reserved 1048576K
}
Event: 31.516 GC heap before
{Heap before GC invocations=17 (full 2):
 PSYoungGen      total 116736K, used 43650K [0x00000000e0000000, 0x00000000e8780000, 0x0000000100000000)
  eden space 102912K, 28% used [0x00000000e0000000,0x00000000e1d23818,0x00000000e6480000)
  from space 13824K, 99% used [0x00000000e7500000,0x00000000e827d3c0,0x00000000e8280000)
  to   space 16896K, 0% used [0x00000000e6480000,0x00000000e6480000,0x00000000e7500000)
 ParOldGen       total 97792K, used 24185K [0x00000000a0000000, 0x00000000a5f80000, 0x00000000e0000000)
  object space 97792K, 24% used [0x00000000a0000000,0x00000000a179e550,0x00000000a5f80000)
 Metaspace       used 57104K, capacity 59106K, committed 59160K, reserved 1099776K
  class space    used 7749K, capacity 8228K, committed 8232K, reserved 1048576K
Event: 31.530 GC heap after
Heap after GC invocations=17 (full 2):
 PSYoungGen      total 119808K, used 12206K [0x00000000e0000000, 0x00000000e8780000, 0x0000000100000000)
  eden space 102912K, 0% used [0x00000000e0000000,0x00000000e0000000,0x00000000e6480000)
  from space 16896K, 72% used [0x00000000e6480000,0x00000000e706bbb0,0x00000000e7500000)
  to   space 13824K, 0% used [0x00000000e7500000,0x00000000e7500000,0x00000000e8280000)
 ParOldGen       total 97792K, used 27767K [0x00000000a0000000, 0x00000000a5f80000, 0x00000000e0000000)
  object space 97792K, 28% used [0x00000000a0000000,0x00000000a1b1df00,0x00000000a5f80000)
 Metaspace       used 57104K, capacity 59106K, committed 59160K, reserved 1099776K
  class space    used 7749K, capacity 8228K, committed 8232K, reserved 1048576K
}
Event: 31.530 GC heap before
{Heap before GC invocations=18 (full 3):
 PSYoungGen      total 119808K, used 12206K [0x00000000e0000000, 0x00000000e8780000, 0x0000000100000000)
  eden space 102912K, 0% used [0x00000000e0000000,0x00000000e0000000,0x00000000e6480000)
  from space 16896K, 72% used [0x00000000e6480000,0x00000000e706bbb0,0x00000000e7500000)
  to   space 13824K, 0% used [0x00000000e7500000,0x00000000e7500000,0x00000000e8280000)
 ParOldGen       total 97792K, used 27767K [0x00000000a0000000, 0x00000000a5f80000, 0x00000000e0000000)
  object space 97792K, 28% used [0x00000000a0000000,0x00000000a1b1df00,0x00000000a5f80000)
 Metaspace       used 57104K, capacity 59106K, committed 59160K, reserved 1099776K
  class space    used 7749K, capacity 8228K, committed 8232K, reserved 1048576K
Event: 31.814 GC heap after
Heap after GC invocations=18 (full 3):
 PSYoungGen      total 119808K, used 0K [0x00000000e0000000, 0x00000000e8780000, 0x0000000100000000)
  eden space 102912K, 0% used [0x00000000e0000000,0x00000000e0000000,0x00000000e6480000)
  from space 16896K, 0% used [0x00000000e6480000,0x00000000e6480000,0x00000000e7500000)
  to   space 13824K, 0% used [0x00000000e7500000,0x00000000e7500000,0x00000000e8280000)
 ParOldGen       total 97792K, used 30425K [0x00000000a0000000, 0x00000000a5f80000, 0x00000000e0000000)
  object space 97792K, 31% used [0x00000000a0000000,0x00000000a1db6558,0x00000000a5f80000)
 Metaspace       used 57049K, capacity 58922K, committed 59160K, reserved 1099776K
  class space    used 7733K, capacity 8204K, committed 8232K, reserved 1048576K
}

