# JRE version: OpenJDK Runtime Environment (8.0_212-b04) (build 1.8.0_212-release-1586-b04)
# Java VM: OpenJDK 64-Bit Server VM (25.212-b04 mixed mode windows-amd64 compressed oops)
Heap:
 PSYoungGen      total 61440K, used 30418K [0x00000000e0000000, 0x00000000e4700000, 0x0000000100000000)
  eden space 50176K, 50% used [0x00000000e0000000,0x00000000e1883c28,0x00000000e3100000)
  from space 11264K, 47% used [0x00000000e3b80000,0x00000000e40b0e08,0x00000000e4680000)
  to   space 10752K, 0% used [0x00000000e3100000,0x00000000e3100000,0x00000000e3b80000)
 ParOldGen       total 62464K, used 9672K [0x00000000a0000000, 0x00000000a3d00000, 0x00000000e0000000)
  object space 62464K, 15% used [0x00000000a0000000,0x00000000a09721a0,0x00000000a3d00000)
 Metaspace       used 29403K, capacity 29914K, committed 30080K, reserved 1075200K
  class space    used 4041K, capacity 4202K, committed 4224K, reserved 1048576K
GC Heap History (10 events):
Event: 4.981 GC heap before
{Heap before GC invocations=5 (full 0):
 PSYoungGen      total 38400K, used 38368K [0x00000000e0000000, 0x00000000e2a80000, 0x0000000100000000)
  eden space 33280K, 100% used [0x00000000e0000000,0x00000000e2080000,0x00000000e2080000)
  from space 5120K, 99% used [0x00000000e2580000,0x00000000e2a78020,0x00000000e2a80000)
  to   space 5120K, 0% used [0x00000000e2080000,0x00000000e2080000,0x00000000e2580000)
 ParOldGen       total 87552K, used 3991K [0x00000000a0000000, 0x00000000a5580000, 0x00000000e0000000)
  object space 87552K, 4% used [0x00000000a0000000,0x00000000a03e5d28,0x00000000a5580000)
 Metaspace       used 17760K, capacity 18156K, committed 18432K, reserved 1064960K
  class space    used 2543K, capacity 2692K, committed 2816K, reserved 1048576K
Event: 4.987 GC heap after
Heap after GC invocations=5 (full 0):
 PSYoungGen      total 37888K, used 5104K [0x00000000e0000000, 0x00000000e3500000, 0x0000000100000000)
  eden space 32768K, 0% used [0x00000000e0000000,0x00000000e0000000,0x00000000e2000000)
  from space 5120K, 99% used [0x00000000e2080000,0x00000000e257c030,0x00000000e2580000)
  to   space 10752K, 0% used [0x00000000e2a80000,0x00000000e2a80000,0x00000000e3500000)
 ParOldGen       total 87552K, used 7712K [0x00000000a0000000, 0x00000000a5580000, 0x00000000e0000000)
  object space 87552K, 8% used [0x00000000a0000000,0x00000000a0788230,0x00000000a5580000)
 Metaspace       used 17760K, capacity 18156K, committed 18432K, reserved 1064960K
  class space    used 2543K, capacity 2692K, committed 2816K, reserved 1048576K
}
Event: 6.135 GC heap before
{Heap before GC invocations=6 (full 0):
 PSYoungGen      total 37888K, used 34886K [0x00000000e0000000, 0x00000000e3500000, 0x0000000100000000)
  eden space 32768K, 90% used [0x00000000e0000000,0x00000000e1d15af8,0x00000000e2000000)
  from space 5120K, 99% used [0x00000000e2080000,0x00000000e257c030,0x00000000e2580000)
  to   space 10752K, 0% used [0x00000000e2a80000,0x00000000e2a80000,0x00000000e3500000)
 ParOldGen       total 87552K, used 7712K [0x00000000a0000000, 0x00000000a5580000, 0x00000000e0000000)
  object space 87552K, 8% used [0x00000000a0000000,0x00000000a0788230,0x00000000a5580000)
 Metaspace       used 20682K, capacity 21196K, committed 21296K, reserved 1067008K
  class space    used 2992K, capacity 3135K, committed 3200K, reserved 1048576K
Event: 6.142 GC heap after
Heap after GC invocations=6 (full 0):
 PSYoungGen      total 43008K, used 8921K [0x00000000e0000000, 0x00000000e3580000, 0x0000000100000000)
  eden space 32256K, 0% used [0x00000000e0000000,0x00000000e0000000,0x00000000e1f80000)
  from space 10752K, 82% used [0x00000000e2a80000,0x00000000e3336550,0x00000000e3500000)
  to   space 11264K, 0% used [0x00000000e1f80000,0x00000000e1f80000,0x00000000e2a80000)
 ParOldGen       total 87552K, used 7720K [0x00000000a0000000, 0x00000000a5580000, 0x00000000e0000000)
  object space 87552K, 8% used [0x00000000a0000000,0x00000000a078a230,0x00000000a5580000)
 Metaspace       used 20682K, capacity 21196K, committed 21296K, reserved 1067008K
  class space    used 2992K, capacity 3135K, committed 3200K, reserved 1048576K
}
Event: 6.142 GC heap before
{Heap before GC invocations=7 (full 1):
 PSYoungGen      total 43008K, used 8921K [0x00000000e0000000, 0x00000000e3580000, 0x0000000100000000)
  eden space 32256K, 0% used [0x00000000e0000000,0x00000000e0000000,0x00000000e1f80000)
  from space 10752K, 82% used [0x00000000e2a80000,0x00000000e3336550,0x00000000e3500000)
  to   space 11264K, 0% used [0x00000000e1f80000,0x00000000e1f80000,0x00000000e2a80000)
 ParOldGen       total 87552K, used 7720K [0x00000000a0000000, 0x00000000a5580000, 0x00000000e0000000)
  object space 87552K, 8% used [0x00000000a0000000,0x00000000a078a230,0x00000000a5580000)
 Metaspace       used 20682K, capacity 21196K, committed 21296K, reserved 1067008K
  class space    used 2992K, capacity 3135K, committed 3200K, reserved 1048576K
Event: 6.173 GC heap after
Heap after GC invocations=7 (full 1):
 PSYoungGen      total 43008K, used 0K [0x00000000e0000000, 0x00000000e3580000, 0x0000000100000000)
  eden space 32256K, 0% used [0x00000000e0000000,0x00000000e0000000,0x00000000e1f80000)
  from space 10752K, 0% used [0x00000000e2a80000,0x00000000e2a80000,0x00000000e3500000)
  to   space 11264K, 0% used [0x00000000e1f80000,0x00000000e1f80000,0x00000000e2a80000)
 ParOldGen       total 62464K, used 9656K [0x00000000a0000000, 0x00000000a3d00000, 0x00000000e0000000)
  object space 62464K, 15% used [0x00000000a0000000,0x00000000a096e1a0,0x00000000a3d00000)
 Metaspace       used 20682K, capacity 21196K, committed 21296K, reserved 1067008K
  class space    used 2992K, capacity 3135K, committed 3200K, reserved 1048576K
}
Event: 7.400 GC heap before
{Heap before GC invocations=8 (full 1):
 PSYoungGen      total 43008K, used 32256K [0x00000000e0000000, 0x00000000e3580000, 0x0000000100000000)
  eden space 32256K, 100% used [0x00000000e0000000,0x00000000e1f80000,0x00000000e1f80000)
  from space 10752K, 0% used [0x00000000e2a80000,0x00000000e2a80000,0x00000000e3500000)
  to   space 11264K, 0% used [0x00000000e1f80000,0x00000000e1f80000,0x00000000e2a80000)
 ParOldGen       total 62464K, used 9656K [0x00000000a0000000, 0x00000000a3d00000, 0x00000000e0000000)
  object space 62464K, 15% used [0x00000000a0000000,0x00000000a096e1a0,0x00000000a3d00000)
 Metaspace       used 26172K, capacity 26696K, committed 26752K, reserved 1073152K
  class space    used 3520K, capacity 3687K, committed 3712K, reserved 1048576K
Event: 7.404 GC heap after
Heap after GC invocations=8 (full 1):
 PSYoungGen      total 43520K, used 4697K [0x00000000e0000000, 0x00000000e4680000, 0x0000000100000000)
  eden space 32256K, 0% used [0x00000000e0000000,0x00000000e0000000,0x00000000e1f80000)
  from space 11264K, 41% used [0x00000000e1f80000,0x00000000e2416638,0x00000000e2a80000)
  to   space 11264K, 0% used [0x00000000e3b80000,0x00000000e3b80000,0x00000000e4680000)
 ParOldGen       total 62464K, used 9664K [0x00000000a0000000, 0x00000000a3d00000, 0x00000000e0000000)
  object space 62464K, 15% used [0x00000000a0000000,0x00000000a09701a0,0x00000000a3d00000)
 Metaspace       used 26172K, capacity 26696K, committed 26752K, reserved 1073152K
  class space    used 3520K, capacity 3687K, committed 3712K, reserved 1048576K
}
Event: 7.782 GC heap before
{Heap before GC invocations=9 (full 1):
 PSYoungGen      total 43520K, used 36953K [0x00000000e0000000, 0x00000000e4680000, 0x0000000100000000)
  eden space 32256K, 100% used [0x00000000e0000000,0x00000000e1f80000,0x00000000e1f80000)
  from space 11264K, 41% used [0x00000000e1f80000,0x00000000e2416638,0x00000000e2a80000)
  to   space 11264K, 0% used [0x00000000e3b80000,0x00000000e3b80000,0x00000000e4680000)
 ParOldGen       total 62464K, used 9664K [0x00000000a0000000, 0x00000000a3d00000, 0x00000000e0000000)
  object space 62464K, 15% used [0x00000000a0000000,0x00000000a09701a0,0x00000000a3d00000)
 Metaspace       used 28101K, capacity 28692K, committed 28928K, reserved 1075200K
  class space    used 3840K, capacity 4009K, committed 4096K, reserved 1048576K
Event: 7.786 GC heap after
Heap after GC invocations=9 (full 1):
 PSYoungGen      total 61440K, used 5315K [0x00000000e0000000, 0x00000000e4700000, 0x0000000100000000)
  eden space 50176K, 0% used [0x00000000e0000000,0x00000000e0000000,0x00000000e3100000)
  from space 11264K, 47% used [0x00000000e3b80000,0x00000000e40b0e08,0x00000000e4680000)
  to   space 10752K, 0% used [0x00000000e3100000,0x00000000e3100000,0x00000000e3b80000)
 ParOldGen       total 62464K, used 9672K [0x00000000a0000000, 0x00000000a3d00000, 0x00000000e0000000)
  object space 62464K, 15% used [0x00000000a0000000,0x00000000a09721a0,0x00000000a3d00000)
 Metaspace       used 28101K, capacity 28692K, committed 28928K, reserved 1075200K
  class space    used 3840K, capacity 4009K, committed 4096K, reserved 1048576K
}

