# JRE version: OpenJDK Runtime Environment (8.0_212-b04) (build 1.8.0_212-release-1586-b04)
# Java VM: OpenJDK 64-Bit Server VM (25.212-b04 mixed mode windows-amd64 compressed oops)
Heap:
 PSYoungGen      total 70656K, used 8740K [0x00000000e0000000, 0x00000000e4e00000, 0x0000000100000000)
  eden space 64512K, 4% used [0x00000000e0000000,0x00000000e028ed00,0x00000000e3f00000)
  from space 6144K, 99% used [0x00000000e4600000,0x00000000e4bfa6b8,0x00000000e4c00000)
  to   space 7168K, 0% used [0x00000000e3f00000,0x00000000e3f00000,0x00000000e4600000)
 ParOldGen       total 50176K, used 28487K [0x00000000a0000000, 0x00000000a3100000, 0x00000000e0000000)
  object space 50176K, 56% used [0x00000000a0000000,0x00000000a1bd1d50,0x00000000a3100000)
 Metaspace       used 53073K, capacity 54842K, committed 54952K, reserved 1097728K
  class space    used 7064K, capacity 7495K, committed 7592K, reserved 1048576K
GC Heap History (10 events):
Event: 4.136 GC heap before
{Heap before GC invocations=12 (full 1):
 PSYoungGen      total 70656K, used 8453K [0x00000000e0000000, 0x00000000e4e00000, 0x0000000100000000)
  eden space 64512K, 3% used [0x00000000e0000000,0x00000000e02484e0,0x00000000e3f00000)
  from space 6144K, 99% used [0x00000000e4600000,0x00000000e4bf90a0,0x00000000e4c00000)
  to   space 7168K, 0% used [0x00000000e3f00000,0x00000000e3f00000,0x00000000e4600000)
 ParOldGen       total 40448K, used 20050K [0x00000000a0000000, 0x00000000a2780000, 0x00000000e0000000)
  object space 40448K, 49% used [0x00000000a0000000,0x00000000a1394808,0x00000000a2780000)
 Metaspace       used 34714K, capacity 35414K, committed 35496K, reserved 1079296K
  class space    used 4787K, capacity 4994K, committed 5032K, reserved 1048576K
Event: 4.142 GC heap after
Heap after GC invocations=12 (full 1):
 PSYoungGen      total 71680K, used 288K [0x00000000e0000000, 0x00000000e4e00000, 0x0000000100000000)
  eden space 64512K, 0% used [0x00000000e0000000,0x00000000e0000000,0x00000000e3f00000)
  from space 7168K, 4% used [0x00000000e3f00000,0x00000000e3f48000,0x00000000e4600000)
  to   space 6144K, 0% used [0x00000000e4600000,0x00000000e4600000,0x00000000e4c00000)
 ParOldGen       total 40448K, used 25661K [0x00000000a0000000, 0x00000000a2780000, 0x00000000e0000000)
  object space 40448K, 63% used [0x00000000a0000000,0x00000000a190f788,0x00000000a2780000)
 Metaspace       used 34714K, capacity 35414K, committed 35496K, reserved 1079296K
  class space    used 4787K, capacity 4994K, committed 5032K, reserved 1048576K
}
Event: 4.142 GC heap before
{Heap before GC invocations=13 (full 2):
 PSYoungGen      total 71680K, used 288K [0x00000000e0000000, 0x00000000e4e00000, 0x0000000100000000)
  eden space 64512K, 0% used [0x00000000e0000000,0x00000000e0000000,0x00000000e3f00000)
  from space 7168K, 4% used [0x00000000e3f00000,0x00000000e3f48000,0x00000000e4600000)
  to   space 6144K, 0% used [0x00000000e4600000,0x00000000e4600000,0x00000000e4c00000)
 ParOldGen       total 40448K, used 25661K [0x00000000a0000000, 0x00000000a2780000, 0x00000000e0000000)
  object space 40448K, 63% used [0x00000000a0000000,0x00000000a190f788,0x00000000a2780000)
 Metaspace       used 34714K, capacity 35414K, committed 35496K, reserved 1079296K
  class space    used 4787K, capacity 4994K, committed 5032K, reserved 1048576K
Event: 4.201 GC heap after
Heap after GC invocations=13 (full 2):
 PSYoungGen      total 71680K, used 0K [0x00000000e0000000, 0x00000000e4e00000, 0x0000000100000000)
  eden space 64512K, 0% used [0x00000000e0000000,0x00000000e0000000,0x00000000e3f00000)
  from space 7168K, 0% used [0x00000000e3f00000,0x00000000e3f00000,0x00000000e4600000)
  to   space 6144K, 0% used [0x00000000e4600000,0x00000000e4600000,0x00000000e4c00000)
 ParOldGen       total 50176K, used 15776K [0x00000000a0000000, 0x00000000a3100000, 0x00000000e0000000)
  object space 50176K, 31% used [0x00000000a0000000,0x00000000a0f683c8,0x00000000a3100000)
 Metaspace       used 34714K, capacity 35414K, committed 35496K, reserved 1079296K
  class space    used 4787K, capacity 4994K, committed 5032K, reserved 1048576K
}
Event: 5.013 GC heap before
{Heap before GC invocations=14 (full 2):
 PSYoungGen      total 71680K, used 64512K [0x00000000e0000000, 0x00000000e4e00000, 0x0000000100000000)
  eden space 64512K, 100% used [0x00000000e0000000,0x00000000e3f00000,0x00000000e3f00000)
  from space 7168K, 0% used [0x00000000e3f00000,0x00000000e3f00000,0x00000000e4600000)
  to   space 6144K, 0% used [0x00000000e4600000,0x00000000e4600000,0x00000000e4c00000)
 ParOldGen       total 50176K, used 15776K [0x00000000a0000000, 0x00000000a3100000, 0x00000000e0000000)
  object space 50176K, 31% used [0x00000000a0000000,0x00000000a0f683c8,0x00000000a3100000)
 Metaspace       used 40776K, capacity 41940K, committed 42152K, reserved 1085440K
  class space    used 5521K, capacity 5776K, committed 5800K, reserved 1048576K
Event: 5.019 GC heap after
Heap after GC invocations=14 (full 2):
 PSYoungGen      total 70656K, used 6117K [0x00000000e0000000, 0x00000000e4e00000, 0x0000000100000000)
  eden space 64512K, 0% used [0x00000000e0000000,0x00000000e0000000,0x00000000e3f00000)
  from space 6144K, 99% used [0x00000000e4600000,0x00000000e4bf95c0,0x00000000e4c00000)
  to   space 7168K, 0% used [0x00000000e3f00000,0x00000000e3f00000,0x00000000e4600000)
 ParOldGen       total 50176K, used 17713K [0x00000000a0000000, 0x00000000a3100000, 0x00000000e0000000)
  object space 50176K, 35% used [0x00000000a0000000,0x00000000a114c660,0x00000000a3100000)
 Metaspace       used 40776K, capacity 41940K, committed 42152K, reserved 1085440K
  class space    used 5521K, capacity 5776K, committed 5800K, reserved 1048576K
}
Event: 5.528 GC heap before
{Heap before GC invocations=15 (full 2):
 PSYoungGen      total 70656K, used 70629K [0x00000000e0000000, 0x00000000e4e00000, 0x0000000100000000)
  eden space 64512K, 100% used [0x00000000e0000000,0x00000000e3f00000,0x00000000e3f00000)
  from space 6144K, 99% used [0x00000000e4600000,0x00000000e4bf95c0,0x00000000e4c00000)
  to   space 7168K, 0% used [0x00000000e3f00000,0x00000000e3f00000,0x00000000e4600000)
 ParOldGen       total 50176K, used 17713K [0x00000000a0000000, 0x00000000a3100000, 0x00000000e0000000)
  object space 50176K, 35% used [0x00000000a0000000,0x00000000a114c660,0x00000000a3100000)
 Metaspace       used 47103K, capacity 48462K, committed 48680K, reserved 1091584K
  class space    used 6291K, capacity 6612K, committed 6696K, reserved 1048576K
Event: 5.539 GC heap after
Heap after GC invocations=15 (full 2):
 PSYoungGen      total 71680K, used 7163K [0x00000000e0000000, 0x00000000e4e00000, 0x0000000100000000)
  eden space 64512K, 0% used [0x00000000e0000000,0x00000000e0000000,0x00000000e3f00000)
  from space 7168K, 99% used [0x00000000e3f00000,0x00000000e45fec88,0x00000000e4600000)
  to   space 6144K, 0% used [0x00000000e4600000,0x00000000e4600000,0x00000000e4c00000)
 ParOldGen       total 50176K, used 22589K [0x00000000a0000000, 0x00000000a3100000, 0x00000000e0000000)
  object space 50176K, 45% used [0x00000000a0000000,0x00000000a160f500,0x00000000a3100000)
 Metaspace       used 47103K, capacity 48462K, committed 48680K, reserved 1091584K
  class space    used 6291K, capacity 6612K, committed 6696K, reserved 1048576K
}
Event: 6.216 GC heap before
{Heap before GC invocations=16 (full 2):
 PSYoungGen      total 71680K, used 71675K [0x00000000e0000000, 0x00000000e4e00000, 0x0000000100000000)
  eden space 64512K, 100% used [0x00000000e0000000,0x00000000e3f00000,0x00000000e3f00000)
  from space 7168K, 99% used [0x00000000e3f00000,0x00000000e45fec88,0x00000000e4600000)
  to   space 6144K, 0% used [0x00000000e4600000,0x00000000e4600000,0x00000000e4c00000)
 ParOldGen       total 50176K, used 22589K [0x00000000a0000000, 0x00000000a3100000, 0x00000000e0000000)
  object space 50176K, 45% used [0x00000000a0000000,0x00000000a160f500,0x00000000a3100000)
 Metaspace       used 52838K, capacity 54498K, committed 54568K, reserved 1095680K
  class space    used 7019K, capacity 7409K, committed 7464K, reserved 1048576K
Event: 6.231 GC heap after
Heap after GC invocations=16 (full 2):
 PSYoungGen      total 70656K, used 6121K [0x00000000e0000000, 0x00000000e4e00000, 0x0000000100000000)
  eden space 64512K, 0% used [0x00000000e0000000,0x00000000e0000000,0x00000000e3f00000)
  from space 6144K, 99% used [0x00000000e4600000,0x00000000e4bfa6b8,0x00000000e4c00000)
  to   space 7168K, 0% used [0x00000000e3f00000,0x00000000e3f00000,0x00000000e4600000)
 ParOldGen       total 50176K, used 28487K [0x00000000a0000000, 0x00000000a3100000, 0x00000000e0000000)
  object space 50176K, 56% used [0x00000000a0000000,0x00000000a1bd1d50,0x00000000a3100000)
 Metaspace       used 52838K, capacity 54498K, committed 54568K, reserved 1095680K
  class space    used 7019K, capacity 7409K, committed 7464K, reserved 1048576K
}

