# JRE version: OpenJDK Runtime Environment (8.0_212-b04) (build 1.8.0_212-release-1586-b04)
# Java VM: OpenJDK 64-Bit Server VM (25.212-b04 mixed mode windows-amd64 compressed oops)
Heap:
 PSYoungGen      total 136192K, used 93188K [0x00000000e0000000, 0x00000000eb280000, 0x0000000100000000)
  eden space 122880K, 65% used [0x00000000e0000000,0x00000000e4e02cb0,0x00000000e7800000)
  from space 13312K, 99% used [0x00000000e7800000,0x00000000e84fe438,0x00000000e8500000)
  to   space 15872K, 0% used [0x00000000ea300000,0x00000000ea300000,0x00000000eb280000)
 ParOldGen       total 41472K, used 18476K [0x00000000a0000000, 0x00000000a2880000, 0x00000000e0000000)
  object space 41472K, 44% used [0x00000000a0000000,0x00000000a120b0e8,0x00000000a2880000)
 Metaspace       used 52299K, capacity 54144K, committed 54312K, reserved 1095680K
  class space    used 7171K, capacity 7605K, committed 7720K, reserved 1048576K
GC Heap History (10 events):
Event: 3.347 GC heap before
{Heap before GC invocations=9 (full 1):
 PSYoungGen      total 71680K, used 64512K [0x00000000e0000000, 0x00000000e9200000, 0x0000000100000000)
  eden space 64512K, 100% used [0x00000000e0000000,0x00000000e3f00000,0x00000000e3f00000)
  from space 7168K, 0% used [0x00000000e3f00000,0x00000000e3f00000,0x00000000e4600000)
  to   space 10240K, 0% used [0x00000000e8800000,0x00000000e8800000,0x00000000e9200000)
 ParOldGen       total 41472K, used 12279K [0x00000000a0000000, 0x00000000a2880000, 0x00000000e0000000)
  object space 41472K, 29% used [0x00000000a0000000,0x00000000a0bfdf00,0x00000000a2880000)
 Metaspace       used 28106K, capacity 28650K, committed 28928K, reserved 1075200K
  class space    used 3840K, capacity 4040K, committed 4096K, reserved 1048576K
Event: 3.354 GC heap after
Heap after GC invocations=9 (full 1):
 PSYoungGen      total 102912K, used 7261K [0x00000000e0000000, 0x00000000e8f80000, 0x0000000100000000)
  eden space 95232K, 0% used [0x00000000e0000000,0x00000000e0000000,0x00000000e5d00000)
  from space 7680K, 94% used [0x00000000e8800000,0x00000000e8f17438,0x00000000e8f80000)
  to   space 10752K, 0% used [0x00000000e7a80000,0x00000000e7a80000,0x00000000e8500000)
 ParOldGen       total 41472K, used 12287K [0x00000000a0000000, 0x00000000a2880000, 0x00000000e0000000)
  object space 41472K, 29% used [0x00000000a0000000,0x00000000a0bfff00,0x00000000a2880000)
 Metaspace       used 28106K, capacity 28650K, committed 28928K, reserved 1075200K
  class space    used 3840K, capacity 4040K, committed 4096K, reserved 1048576K
}
Event: 4.176 GC heap before
{Heap before GC invocations=10 (full 1):
 PSYoungGen      total 102912K, used 102493K [0x00000000e0000000, 0x00000000e8f80000, 0x0000000100000000)
  eden space 95232K, 100% used [0x00000000e0000000,0x00000000e5d00000,0x00000000e5d00000)
  from space 7680K, 94% used [0x00000000e8800000,0x00000000e8f17438,0x00000000e8f80000)
  to   space 10752K, 0% used [0x00000000e7a80000,0x00000000e7a80000,0x00000000e8500000)
 ParOldGen       total 41472K, used 12287K [0x00000000a0000000, 0x00000000a2880000, 0x00000000e0000000)
  object space 41472K, 29% used [0x00000000a0000000,0x00000000a0bfff00,0x00000000a2880000)
 Metaspace       used 33444K, capacity 34212K, committed 34304K, reserved 1079296K
  class space    used 4562K, capacity 4812K, committed 4864K, reserved 1048576K
Event: 4.187 GC heap after
Heap after GC invocations=10 (full 1):
 PSYoungGen      total 132608K, used 10727K [0x00000000e0000000, 0x00000000e9000000, 0x0000000100000000)
  eden space 121856K, 0% used [0x00000000e0000000,0x00000000e0000000,0x00000000e7700000)
  from space 10752K, 99% used [0x00000000e7a80000,0x00000000e84f9f08,0x00000000e8500000)
  to   space 11264K, 0% used [0x00000000e8500000,0x00000000e8500000,0x00000000e9000000)
 ParOldGen       total 41472K, used 13106K [0x00000000a0000000, 0x00000000a2880000, 0x00000000e0000000)
  object space 41472K, 31% used [0x00000000a0000000,0x00000000a0ccca58,0x00000000a2880000)
 Metaspace       used 33444K, capacity 34212K, committed 34304K, reserved 1079296K
  class space    used 4562K, capacity 4812K, committed 4864K, reserved 1048576K
}
Event: 4.455 GC heap before
{Heap before GC invocations=11 (full 1):
 PSYoungGen      total 132608K, used 47618K [0x00000000e0000000, 0x00000000e9000000, 0x0000000100000000)
  eden space 121856K, 30% used [0x00000000e0000000,0x00000000e2406a20,0x00000000e7700000)
  from space 10752K, 99% used [0x00000000e7a80000,0x00000000e84f9f08,0x00000000e8500000)
  to   space 11264K, 0% used [0x00000000e8500000,0x00000000e8500000,0x00000000e9000000)
 ParOldGen       total 41472K, used 13106K [0x00000000a0000000, 0x00000000a2880000, 0x00000000e0000000)
  object space 41472K, 31% used [0x00000000a0000000,0x00000000a0ccca58,0x00000000a2880000)
 Metaspace       used 34705K, capacity 35410K, committed 35496K, reserved 1079296K
  class space    used 4783K, capacity 4994K, committed 5032K, reserved 1048576K
Event: 4.468 GC heap after
Heap after GC invocations=11 (full 1):
 PSYoungGen      total 134144K, used 10027K [0x00000000e0000000, 0x00000000eb880000, 0x0000000100000000)
  eden space 122880K, 0% used [0x00000000e0000000,0x00000000e0000000,0x00000000e7800000)
  from space 11264K, 89% used [0x00000000e8500000,0x00000000e8ecaf20,0x00000000e9000000)
  to   space 13312K, 0% used [0x00000000e7800000,0x00000000e7800000,0x00000000e8500000)
 ParOldGen       total 41472K, used 13114K [0x00000000a0000000, 0x00000000a2880000, 0x00000000e0000000)
  object space 41472K, 31% used [0x00000000a0000000,0x00000000a0ccea58,0x00000000a2880000)
 Metaspace       used 34705K, capacity 35410K, committed 35496K, reserved 1079296K
  class space    used 4783K, capacity 4994K, committed 5032K, reserved 1048576K
}
Event: 4.468 GC heap before
{Heap before GC invocations=12 (full 2):
 PSYoungGen      total 134144K, used 10027K [0x00000000e0000000, 0x00000000eb880000, 0x0000000100000000)
  eden space 122880K, 0% used [0x00000000e0000000,0x00000000e0000000,0x00000000e7800000)
  from space 11264K, 89% used [0x00000000e8500000,0x00000000e8ecaf20,0x00000000e9000000)
  to   space 13312K, 0% used [0x00000000e7800000,0x00000000e7800000,0x00000000e8500000)
 ParOldGen       total 41472K, used 13114K [0x00000000a0000000, 0x00000000a2880000, 0x00000000e0000000)
  object space 41472K, 31% used [0x00000000a0000000,0x00000000a0ccea58,0x00000000a2880000)
 Metaspace       used 34705K, capacity 35410K, committed 35496K, reserved 1079296K
  class space    used 4783K, capacity 4994K, committed 5032K, reserved 1048576K
Event: 4.545 GC heap after
Heap after GC invocations=12 (full 2):
 PSYoungGen      total 134144K, used 0K [0x00000000e0000000, 0x00000000eb880000, 0x0000000100000000)
  eden space 122880K, 0% used [0x00000000e0000000,0x00000000e0000000,0x00000000e7800000)
  from space 11264K, 0% used [0x00000000e8500000,0x00000000e8500000,0x00000000e9000000)
  to   space 13312K, 0% used [0x00000000e7800000,0x00000000e7800000,0x00000000e8500000)
 ParOldGen       total 41472K, used 16826K [0x00000000a0000000, 0x00000000a2880000, 0x00000000e0000000)
  object space 41472K, 40% used [0x00000000a0000000,0x00000000a106eab0,0x00000000a2880000)
 Metaspace       used 34705K, capacity 35410K, committed 35496K, reserved 1079296K
  class space    used 4783K, capacity 4994K, committed 5032K, reserved 1048576K
}
Event: 6.310 GC heap before
{Heap before GC invocations=13 (full 2):
 PSYoungGen      total 134144K, used 122880K [0x00000000e0000000, 0x00000000eb880000, 0x0000000100000000)
  eden space 122880K, 100% used [0x00000000e0000000,0x00000000e7800000,0x00000000e7800000)
  from space 11264K, 0% used [0x00000000e8500000,0x00000000e8500000,0x00000000e9000000)
  to   space 13312K, 0% used [0x00000000e7800000,0x00000000e7800000,0x00000000e8500000)
 ParOldGen       total 41472K, used 16826K [0x00000000a0000000, 0x00000000a2880000, 0x00000000e0000000)
  object space 41472K, 40% used [0x00000000a0000000,0x00000000a106eab0,0x00000000a2880000)
 Metaspace       used 45470K, capacity 46818K, committed 47016K, reserved 1089536K
  class space    used 6162K, capacity 6484K, committed 6568K, reserved 1048576K
Event: 6.321 GC heap after
Heap after GC invocations=13 (full 2):
 PSYoungGen      total 136192K, used 13305K [0x00000000e0000000, 0x00000000eb280000, 0x0000000100000000)
  eden space 122880K, 0% used [0x00000000e0000000,0x00000000e0000000,0x00000000e7800000)
  from space 13312K, 99% used [0x00000000e7800000,0x00000000e84fe438,0x00000000e8500000)
  to   space 15872K, 0% used [0x00000000ea300000,0x00000000ea300000,0x00000000eb280000)
 ParOldGen       total 41472K, used 18476K [0x00000000a0000000, 0x00000000a2880000, 0x00000000e0000000)
  object space 41472K, 44% used [0x00000000a0000000,0x00000000a120b0e8,0x00000000a2880000)
 Metaspace       used 45470K, capacity 46818K, committed 47016K, reserved 1089536K
  class space    used 6162K, capacity 6484K, committed 6568K, reserved 1048576K
}

