# JRE version: OpenJDK Runtime Environment (8.0_212-b04) (build 1.8.0_212-release-1586-b04)
# Java VM: OpenJDK 64-Bit Server VM (25.212-b04 mixed mode windows-amd64 compressed oops)
Heap:
 PSYoungGen      total 159744K, used 23213K [0x00000000e0000000, 0x00000000edd80000, 0x0000000100000000)
  eden space 147456K, 7% used [0x00000000e0000000,0x00000000e0ab02b0,0x00000000e9000000)
  from space 12288K, 99% used [0x00000000e9000000,0x00000000e9bfb440,0x00000000e9c00000)
  to   space 16384K, 0% used [0x00000000ecd80000,0x00000000ecd80000,0x00000000edd80000)
 ParOldGen       total 53248K, used 21994K [0x00000000a0000000, 0x00000000a3400000, 0x00000000e0000000)
  object space 53248K, 41% used [0x00000000a0000000,0x00000000a157aa00,0x00000000a3400000)
 Metaspace       used 48410K, capacity 49850K, committed 50216K, reserved 1093632K
  class space    used 6480K, capacity 6831K, committed 6952K, reserved 1048576K
GC Heap History (10 events):
Event: 3.997 GC heap before
{Heap before GC invocations=9 (full 1):
 PSYoungGen      total 71680K, used 64512K [0x00000000e0000000, 0x00000000e9200000, 0x0000000100000000)
  eden space 64512K, 100% used [0x00000000e0000000,0x00000000e3f00000,0x00000000e3f00000)
  from space 7168K, 0% used [0x00000000e3f00000,0x00000000e3f00000,0x00000000e4600000)
  to   space 10240K, 0% used [0x00000000e8800000,0x00000000e8800000,0x00000000e9200000)
 ParOldGen       total 38912K, used 12219K [0x00000000a0000000, 0x00000000a2600000, 0x00000000e0000000)
  object space 38912K, 31% used [0x00000000a0000000,0x00000000a0beef38,0x00000000a2600000)
 Metaspace       used 28001K, capacity 28514K, committed 28672K, reserved 1073152K
  class space    used 3826K, capacity 3976K, committed 4096K, reserved 1048576K
Event: 4.004 GC heap after
Heap after GC invocations=9 (full 1):
 PSYoungGen      total 114176K, used 7273K [0x00000000e0000000, 0x00000000e8f80000, 0x0000000100000000)
  eden space 106496K, 0% used [0x00000000e0000000,0x00000000e0000000,0x00000000e6800000)
  from space 7680K, 94% used [0x00000000e8800000,0x00000000e8f1a460,0x00000000e8f80000)
  to   space 10752K, 0% used [0x00000000e7a80000,0x00000000e7a80000,0x00000000e8500000)
 ParOldGen       total 38912K, used 12227K [0x00000000a0000000, 0x00000000a2600000, 0x00000000e0000000)
  object space 38912K, 31% used [0x00000000a0000000,0x00000000a0bf0f38,0x00000000a2600000)
 Metaspace       used 28001K, capacity 28514K, committed 28672K, reserved 1073152K
  class space    used 3826K, capacity 3976K, committed 4096K, reserved 1048576K
}
Event: 4.976 GC heap before
{Heap before GC invocations=10 (full 1):
 PSYoungGen      total 114176K, used 113769K [0x00000000e0000000, 0x00000000e8f80000, 0x0000000100000000)
  eden space 106496K, 100% used [0x00000000e0000000,0x00000000e6800000,0x00000000e6800000)
  from space 7680K, 94% used [0x00000000e8800000,0x00000000e8f1a460,0x00000000e8f80000)
  to   space 10752K, 0% used [0x00000000e7a80000,0x00000000e7a80000,0x00000000e8500000)
 ParOldGen       total 38912K, used 12227K [0x00000000a0000000, 0x00000000a2600000, 0x00000000e0000000)
  object space 38912K, 31% used [0x00000000a0000000,0x00000000a0bf0f38,0x00000000a2600000)
 Metaspace       used 33873K, capacity 34618K, committed 34944K, reserved 1079296K
  class space    used 4643K, capacity 4886K, committed 4992K, reserved 1048576K
Event: 4.988 GC heap after
Heap after GC invocations=10 (full 1):
 PSYoungGen      total 136192K, used 10725K [0x00000000e0000000, 0x00000000ea880000, 0x0000000100000000)
  eden space 125440K, 0% used [0x00000000e0000000,0x00000000e0000000,0x00000000e7a80000)
  from space 10752K, 99% used [0x00000000e7a80000,0x00000000e84f96a8,0x00000000e8500000)
  to   space 12800K, 0% used [0x00000000e9c00000,0x00000000e9c00000,0x00000000ea880000)
 ParOldGen       total 38912K, used 14035K [0x00000000a0000000, 0x00000000a2600000, 0x00000000e0000000)
  object space 38912K, 36% used [0x00000000a0000000,0x00000000a0db4f80,0x00000000a2600000)
 Metaspace       used 33873K, capacity 34618K, committed 34944K, reserved 1079296K
  class space    used 4643K, capacity 4886K, committed 4992K, reserved 1048576K
}
Event: 5.151 GC heap before
{Heap before GC invocations=11 (full 1):
 PSYoungGen      total 136192K, used 37279K [0x00000000e0000000, 0x00000000ea880000, 0x0000000100000000)
  eden space 125440K, 21% used [0x00000000e0000000,0x00000000e19ee880,0x00000000e7a80000)
  from space 10752K, 99% used [0x00000000e7a80000,0x00000000e84f96a8,0x00000000e8500000)
  to   space 12800K, 0% used [0x00000000e9c00000,0x00000000e9c00000,0x00000000ea880000)
 ParOldGen       total 38912K, used 14035K [0x00000000a0000000, 0x00000000a2600000, 0x00000000e0000000)
  object space 38912K, 36% used [0x00000000a0000000,0x00000000a0db4f80,0x00000000a2600000)
 Metaspace       used 34666K, capacity 35402K, committed 35496K, reserved 1079296K
  class space    used 4768K, capacity 4994K, committed 5032K, reserved 1048576K
Event: 5.168 GC heap after
Heap after GC invocations=11 (full 1):
 PSYoungGen      total 160256K, used 6459K [0x00000000e0000000, 0x00000000ecd00000, 0x0000000100000000)
  eden space 147456K, 0% used [0x00000000e0000000,0x00000000e0000000,0x00000000e9000000)
  from space 12800K, 50% used [0x00000000e9c00000,0x00000000ea24ef48,0x00000000ea880000)
  to   space 12288K, 0% used [0x00000000e9000000,0x00000000e9000000,0x00000000e9c00000)
 ParOldGen       total 38912K, used 17126K [0x00000000a0000000, 0x00000000a2600000, 0x00000000e0000000)
  object space 38912K, 44% used [0x00000000a0000000,0x00000000a10b9af0,0x00000000a2600000)
 Metaspace       used 34666K, capacity 35402K, committed 35496K, reserved 1079296K
  class space    used 4768K, capacity 4994K, committed 5032K, reserved 1048576K
}
Event: 5.168 GC heap before
{Heap before GC invocations=12 (full 2):
 PSYoungGen      total 160256K, used 6459K [0x00000000e0000000, 0x00000000ecd00000, 0x0000000100000000)
  eden space 147456K, 0% used [0x00000000e0000000,0x00000000e0000000,0x00000000e9000000)
  from space 12800K, 50% used [0x00000000e9c00000,0x00000000ea24ef48,0x00000000ea880000)
  to   space 12288K, 0% used [0x00000000e9000000,0x00000000e9000000,0x00000000e9c00000)
 ParOldGen       total 38912K, used 17126K [0x00000000a0000000, 0x00000000a2600000, 0x00000000e0000000)
  object space 38912K, 44% used [0x00000000a0000000,0x00000000a10b9af0,0x00000000a2600000)
 Metaspace       used 34666K, capacity 35402K, committed 35496K, reserved 1079296K
  class space    used 4768K, capacity 4994K, committed 5032K, reserved 1048576K
Event: 5.246 GC heap after
Heap after GC invocations=12 (full 2):
 PSYoungGen      total 160256K, used 0K [0x00000000e0000000, 0x00000000ecd00000, 0x0000000100000000)
  eden space 147456K, 0% used [0x00000000e0000000,0x00000000e0000000,0x00000000e9000000)
  from space 12800K, 0% used [0x00000000e9c00000,0x00000000e9c00000,0x00000000ea880000)
  to   space 12288K, 0% used [0x00000000e9000000,0x00000000e9000000,0x00000000e9c00000)
 ParOldGen       total 53248K, used 16420K [0x00000000a0000000, 0x00000000a3400000, 0x00000000e0000000)
  object space 53248K, 30% used [0x00000000a0000000,0x00000000a10092a8,0x00000000a3400000)
 Metaspace       used 34666K, capacity 35402K, committed 35496K, reserved 1079296K
  class space    used 4768K, capacity 4994K, committed 5032K, reserved 1048576K
}
Event: 6.877 GC heap before
{Heap before GC invocations=13 (full 2):
 PSYoungGen      total 160256K, used 147456K [0x00000000e0000000, 0x00000000ecd00000, 0x0000000100000000)
  eden space 147456K, 100% used [0x00000000e0000000,0x00000000e9000000,0x00000000e9000000)
  from space 12800K, 0% used [0x00000000e9c00000,0x00000000e9c00000,0x00000000ea880000)
  to   space 12288K, 0% used [0x00000000e9000000,0x00000000e9000000,0x00000000e9c00000)
 ParOldGen       total 53248K, used 16420K [0x00000000a0000000, 0x00000000a3400000, 0x00000000e0000000)
  object space 53248K, 30% used [0x00000000a0000000,0x00000000a10092a8,0x00000000a3400000)
 Metaspace       used 48371K, capacity 49682K, committed 49832K, reserved 1091584K
  class space    used 6474K, capacity 6795K, committed 6824K, reserved 1048576K
Event: 6.901 GC heap after
Heap after GC invocations=13 (full 2):
 PSYoungGen      total 159744K, used 12269K [0x00000000e0000000, 0x00000000edd80000, 0x0000000100000000)
  eden space 147456K, 0% used [0x00000000e0000000,0x00000000e0000000,0x00000000e9000000)
  from space 12288K, 99% used [0x00000000e9000000,0x00000000e9bfb440,0x00000000e9c00000)
  to   space 16384K, 0% used [0x00000000ecd80000,0x00000000ecd80000,0x00000000edd80000)
 ParOldGen       total 53248K, used 21994K [0x00000000a0000000, 0x00000000a3400000, 0x00000000e0000000)
  object space 53248K, 41% used [0x00000000a0000000,0x00000000a157aa00,0x00000000a3400000)
 Metaspace       used 48371K, capacity 49682K, committed 49832K, reserved 1091584K
  class space    used 6474K, capacity 6795K, committed 6824K, reserved 1048576K
}

