# JRE version: OpenJDK Runtime Environment (8.0_212-b04) (build 1.8.0_212-release-1586-b04)
# Java VM: OpenJDK 64-Bit Server VM (25.212-b04 mixed mode windows-amd64 compressed oops)
Heap:
 PSYoungGen      total 337920K, used 177729K [0x00000000e0000000, 0x00000000fcb80000, 0x0000000100000000)
  eden space 311808K, 49% used [0x00000000e0000000,0x00000000e9839920,0x00000000f3080000)
  from space 26112K, 83% used [0x00000000f5a80000,0x00000000f6fd6c18,0x00000000f7400000)
  to   space 43008K, 0% used [0x00000000f3080000,0x00000000f3080000,0x00000000f5a80000)
 ParOldGen       total 141312K, used 63616K [0x00000000a0000000, 0x00000000a8a00000, 0x00000000e0000000)
  object space 141312K, 45% used [0x00000000a0000000,0x00000000a3e20270,0x00000000a8a00000)
 Metaspace       used 90719K, capacity 95547K, committed 95912K, reserved 1132544K
  class space    used 11736K, capacity 12602K, committed 12712K, reserved 1048576K
GC Heap History (10 events):
Event: 248.691 GC heap before
{Heap before GC invocations=15 (full 3):
 PSYoungGen      total 352768K, used 352650K [0x00000000e0000000, 0x00000000f7a80000, 0x0000000100000000)
  eden space 328192K, 100% used [0x00000000e0000000,0x00000000f4080000,0x00000000f4080000)
  from space 24576K, 99% used [0x00000000f4d00000,0x00000000f64e28f0,0x00000000f6500000)
  to   space 22016K, 0% used [0x00000000f6500000,0x00000000f6500000,0x00000000f7a80000)
 ParOldGen       total 141312K, used 32489K [0x00000000a0000000, 0x00000000a8a00000, 0x00000000e0000000)
  object space 141312K, 22% used [0x00000000a0000000,0x00000000a1fba4a0,0x00000000a8a00000)
 Metaspace       used 79519K, capacity 82439K, committed 82600K, reserved 1120256K
  class space    used 10184K, capacity 10796K, committed 10920K, reserved 1048576K
Event: 248.718 GC heap after
Heap after GC invocations=15 (full 3):
 PSYoungGen      total 337920K, used 21990K [0x00000000e0000000, 0x00000000f7a80000, 0x0000000100000000)
  eden space 315904K, 0% used [0x00000000e0000000,0x00000000e0000000,0x00000000f3480000)
  from space 22016K, 99% used [0x00000000f6500000,0x00000000f7a79920,0x00000000f7a80000)
  to   space 32768K, 0% used [0x00000000f3a80000,0x00000000f3a80000,0x00000000f5a80000)
 ParOldGen       total 141312K, used 35944K [0x00000000a0000000, 0x00000000a8a00000, 0x00000000e0000000)
  object space 141312K, 25% used [0x00000000a0000000,0x00000000a231a318,0x00000000a8a00000)
 Metaspace       used 79519K, capacity 82439K, committed 82600K, reserved 1120256K
  class space    used 10184K, capacity 10796K, committed 10920K, reserved 1048576K
}
Event: 253.802 GC heap before
{Heap before GC invocations=16 (full 3):
 PSYoungGen      total 337920K, used 337894K [0x00000000e0000000, 0x00000000f7a80000, 0x0000000100000000)
  eden space 315904K, 100% used [0x00000000e0000000,0x00000000f3480000,0x00000000f3480000)
  from space 22016K, 99% used [0x00000000f6500000,0x00000000f7a79920,0x00000000f7a80000)
  to   space 32768K, 0% used [0x00000000f3a80000,0x00000000f3a80000,0x00000000f5a80000)
 ParOldGen       total 141312K, used 35944K [0x00000000a0000000, 0x00000000a8a00000, 0x00000000e0000000)
  object space 141312K, 25% used [0x00000000a0000000,0x00000000a231a318,0x00000000a8a00000)
 Metaspace       used 89610K, capacity 94299K, committed 94504K, reserved 1130496K
  class space    used 11680K, capacity 12518K, committed 12584K, reserved 1048576K
Event: 253.824 GC heap after
Heap after GC invocations=16 (full 3):
 PSYoungGen      total 336896K, used 32762K [0x00000000e0000000, 0x00000000f7400000, 0x0000000100000000)
  eden space 304128K, 0% used [0x00000000e0000000,0x00000000e0000000,0x00000000f2900000)
  from space 32768K, 99% used [0x00000000f3a80000,0x00000000f5a7e800,0x00000000f5a80000)
  to   space 26112K, 0% used [0x00000000f5a80000,0x00000000f5a80000,0x00000000f7400000)
 ParOldGen       total 141312K, used 38391K [0x00000000a0000000, 0x00000000a8a00000, 0x00000000e0000000)
  object space 141312K, 27% used [0x00000000a0000000,0x00000000a257dc08,0x00000000a8a00000)
 Metaspace       used 89610K, capacity 94299K, committed 94504K, reserved 1130496K
  class space    used 11680K, capacity 12518K, committed 12584K, reserved 1048576K
}
Event: 254.463 GC heap before
{Heap before GC invocations=17 (full 3):
 PSYoungGen      total 336896K, used 336890K [0x00000000e0000000, 0x00000000f7400000, 0x0000000100000000)
  eden space 304128K, 100% used [0x00000000e0000000,0x00000000f2900000,0x00000000f2900000)
  from space 32768K, 99% used [0x00000000f3a80000,0x00000000f5a7e800,0x00000000f5a80000)
  to   space 26112K, 0% used [0x00000000f5a80000,0x00000000f5a80000,0x00000000f7400000)
 ParOldGen       total 141312K, used 38391K [0x00000000a0000000, 0x00000000a8a00000, 0x00000000e0000000)
  object space 141312K, 27% used [0x00000000a0000000,0x00000000a257dc08,0x00000000a8a00000)
 Metaspace       used 90074K, capacity 94803K, committed 95016K, reserved 1132544K
  class space    used 11715K, capacity 12560K, committed 12584K, reserved 1048576K
Event: 254.495 GC heap after
Heap after GC invocations=17 (full 3):
 PSYoungGen      total 337920K, used 26100K [0x00000000e0000000, 0x00000000fcb80000, 0x0000000100000000)
  eden space 311808K, 0% used [0x00000000e0000000,0x00000000e0000000,0x00000000f3080000)
  from space 26112K, 99% used [0x00000000f5a80000,0x00000000f73fd1c0,0x00000000f7400000)
  to   space 43008K, 0% used [0x00000000f3080000,0x00000000f3080000,0x00000000f5a80000)
 ParOldGen       total 141312K, used 48305K [0x00000000a0000000, 0x00000000a8a00000, 0x00000000e0000000)
  object space 141312K, 34% used [0x00000000a0000000,0x00000000a2f2c4e8,0x00000000a8a00000)
 Metaspace       used 90074K, capacity 94803K, committed 95016K, reserved 1132544K
  class space    used 11715K, capacity 12560K, committed 12584K, reserved 1048576K
}
Event: 254.978 GC heap before
{Heap before GC invocations=18 (full 3):
 PSYoungGen      total 337920K, used 337908K [0x00000000e0000000, 0x00000000fcb80000, 0x0000000100000000)
  eden space 311808K, 100% used [0x00000000e0000000,0x00000000f3080000,0x00000000f3080000)
  from space 26112K, 99% used [0x00000000f5a80000,0x00000000f73fd1c0,0x00000000f7400000)
  to   space 43008K, 0% used [0x00000000f3080000,0x00000000f3080000,0x00000000f5a80000)
 ParOldGen       total 141312K, used 48305K [0x00000000a0000000, 0x00000000a8a00000, 0x00000000e0000000)
  object space 141312K, 34% used [0x00000000a0000000,0x00000000a2f2c4e8,0x00000000a8a00000)
 Metaspace       used 90478K, capacity 95291K, committed 95656K, reserved 1132544K
  class space    used 11733K, capacity 12600K, committed 12712K, reserved 1048576K
Event: 255.004 GC heap after
Heap after GC invocations=18 (full 3):
 PSYoungGen      total 354816K, used 28194K [0x00000000e0000000, 0x00000000fcb80000, 0x0000000100000000)
  eden space 311808K, 0% used [0x00000000e0000000,0x00000000e0000000,0x00000000f3080000)
  from space 43008K, 65% used [0x00000000f3080000,0x00000000f4c088e8,0x00000000f5a80000)
  to   space 26112K, 0% used [0x00000000f5a80000,0x00000000f5a80000,0x00000000f7400000)
 ParOldGen       total 141312K, used 53210K [0x00000000a0000000, 0x00000000a8a00000, 0x00000000e0000000)
  object space 141312K, 37% used [0x00000000a0000000,0x00000000a33f6a20,0x00000000a8a00000)
 Metaspace       used 90478K, capacity 95291K, committed 95656K, reserved 1132544K
  class space    used 11733K, capacity 12600K, committed 12712K, reserved 1048576K
}
Event: 255.427 GC heap before
{Heap before GC invocations=19 (full 3):
 PSYoungGen      total 354816K, used 340002K [0x00000000e0000000, 0x00000000fcb80000, 0x0000000100000000)
  eden space 311808K, 100% used [0x00000000e0000000,0x00000000f3080000,0x00000000f3080000)
  from space 43008K, 65% used [0x00000000f3080000,0x00000000f4c088e8,0x00000000f5a80000)
  to   space 26112K, 0% used [0x00000000f5a80000,0x00000000f5a80000,0x00000000f7400000)
 ParOldGen       total 141312K, used 53210K [0x00000000a0000000, 0x00000000a8a00000, 0x00000000e0000000)
  object space 141312K, 37% used [0x00000000a0000000,0x00000000a33f6a20,0x00000000a8a00000)
 Metaspace       used 90690K, capacity 95535K, committed 95656K, reserved 1132544K
  class space    used 11736K, capacity 12602K, committed 12712K, reserved 1048576K
Event: 255.452 GC heap after
Heap after GC invocations=19 (full 3):
 PSYoungGen      total 337920K, used 21851K [0x00000000e0000000, 0x00000000fcb80000, 0x0000000100000000)
  eden space 311808K, 0% used [0x00000000e0000000,0x00000000e0000000,0x00000000f3080000)
  from space 26112K, 83% used [0x00000000f5a80000,0x00000000f6fd6c18,0x00000000f7400000)
  to   space 43008K, 0% used [0x00000000f3080000,0x00000000f3080000,0x00000000f5a80000)
 ParOldGen       total 141312K, used 63616K [0x00000000a0000000, 0x00000000a8a00000, 0x00000000e0000000)
  object space 141312K, 45% used [0x00000000a0000000,0x00000000a3e20270,0x00000000a8a00000)
 Metaspace       used 90690K, capacity 95535K, committed 95656K, reserved 1132544K
  class space    used 11736K, capacity 12602K, committed 12712K, reserved 1048576K
}

