# JRE version: OpenJDK Runtime Environment (8.0_212-b04) (build 1.8.0_212-release-1586-b04)
# Java VM: OpenJDK 64-Bit Server VM (25.212-b04 mixed mode windows-amd64 compressed oops)
Heap:
 PSYoungGen      total 328192K, used 162121K [0x00000000e0000000, 0x00000000f9900000, 0x0000000100000000)
  eden space 257536K, 45% used [0x00000000e0000000,0x00000000e72244d0,0x00000000efb80000)
  from space 70656K, 64% used [0x00000000efb80000,0x00000000f27ae2e8,0x00000000f4080000)
  to   space 71168K, 0% used [0x00000000f5380000,0x00000000f5380000,0x00000000f9900000)
 ParOldGen       total 217600K, used 100929K [0x00000000a0000000, 0x00000000ad480000, 0x00000000e0000000)
  object space 217600K, 46% used [0x00000000a0000000,0x00000000a62906a0,0x00000000ad480000)
 Metaspace       used 108907K, capacity 116500K, committed 116736K, reserved 1150976K
  class space    used 13910K, capacity 15311K, committed 15360K, reserved 1048576K
GC Heap History (10 events):
Event: 4704.386 GC heap before
{Heap before GC invocations=35 (full 4):
 PSYoungGen      total 287232K, used 276479K [0x00000000e0000000, 0x00000000f5d80000, 0x0000000100000000)
  eden space 227840K, 100% used [0x00000000e0000000,0x00000000ede80000,0x00000000ede80000)
  from space 59392K, 81% used [0x00000000f1d00000,0x00000000f4c7ff60,0x00000000f5700000)
  to   space 64000K, 0% used [0x00000000ede80000,0x00000000ede80000,0x00000000f1d00000)
 ParOldGen       total 217600K, used 89470K [0x00000000a0000000, 0x00000000ad480000, 0x00000000e0000000)
  object space 217600K, 41% used [0x00000000a0000000,0x00000000a575f978,0x00000000ad480000)
 Metaspace       used 99922K, capacity 105166K, committed 105344K, reserved 1140736K
  class space    used 12769K, capacity 13783K, committed 13952K, reserved 1048576K
Event: 4704.411 GC heap after
Heap after GC invocations=35 (full 4):
 PSYoungGen      total 291840K, used 32815K [0x00000000e0000000, 0x00000000f6280000, 0x0000000100000000)
  eden space 227840K, 0% used [0x00000000e0000000,0x00000000e0000000,0x00000000ede80000)
  from space 64000K, 51% used [0x00000000ede80000,0x00000000efe8bd48,0x00000000f1d00000)
  to   space 61952K, 0% used [0x00000000f2600000,0x00000000f2600000,0x00000000f6280000)
 ParOldGen       total 217600K, used 89478K [0x00000000a0000000, 0x00000000ad480000, 0x00000000e0000000)
  object space 217600K, 41% used [0x00000000a0000000,0x00000000a5761978,0x00000000ad480000)
 Metaspace       used 99922K, capacity 105166K, committed 105344K, reserved 1140736K
  class space    used 12769K, capacity 13783K, committed 13952K, reserved 1048576K
}
Event: 7221.451 GC heap before
{Heap before GC invocations=36 (full 4):
 PSYoungGen      total 291840K, used 260655K [0x00000000e0000000, 0x00000000f6280000, 0x0000000100000000)
  eden space 227840K, 100% used [0x00000000e0000000,0x00000000ede80000,0x00000000ede80000)
  from space 64000K, 51% used [0x00000000ede80000,0x00000000efe8bd48,0x00000000f1d00000)
  to   space 61952K, 0% used [0x00000000f2600000,0x00000000f2600000,0x00000000f6280000)
 ParOldGen       total 217600K, used 89478K [0x00000000a0000000, 0x00000000ad480000, 0x00000000e0000000)
  object space 217600K, 41% used [0x00000000a0000000,0x00000000a5761978,0x00000000ad480000)
 Metaspace       used 100685K, capacity 106888K, committed 107136K, reserved 1142784K
  class space    used 12913K, capacity 14048K, committed 14208K, reserved 1048576K
Event: 7221.487 GC heap after
Heap after GC invocations=36 (full 4):
 PSYoungGen      total 289792K, used 27934K [0x00000000e0000000, 0x00000000f5a00000, 0x0000000100000000)
  eden space 236544K, 0% used [0x00000000e0000000,0x00000000e0000000,0x00000000ee700000)
  from space 53248K, 52% used [0x00000000f2600000,0x00000000f4147988,0x00000000f5a00000)
  to   space 58880K, 0% used [0x00000000ee700000,0x00000000ee700000,0x00000000f2080000)
 ParOldGen       total 217600K, used 89486K [0x00000000a0000000, 0x00000000ad480000, 0x00000000e0000000)
  object space 217600K, 41% used [0x00000000a0000000,0x00000000a5763978,0x00000000ad480000)
 Metaspace       used 100685K, capacity 106888K, committed 107136K, reserved 1142784K
  class space    used 12913K, capacity 14048K, committed 14208K, reserved 1048576K
}
Event: 7222.560 GC heap before
{Heap before GC invocations=37 (full 4):
 PSYoungGen      total 289792K, used 264478K [0x00000000e0000000, 0x00000000f5a00000, 0x0000000100000000)
  eden space 236544K, 100% used [0x00000000e0000000,0x00000000ee700000,0x00000000ee700000)
  from space 53248K, 52% used [0x00000000f2600000,0x00000000f4147988,0x00000000f5a00000)
  to   space 58880K, 0% used [0x00000000ee700000,0x00000000ee700000,0x00000000f2080000)
 ParOldGen       total 217600K, used 89486K [0x00000000a0000000, 0x00000000ad480000, 0x00000000e0000000)
  object space 217600K, 41% used [0x00000000a0000000,0x00000000a5763978,0x00000000ad480000)
 Metaspace       used 100818K, capacity 107092K, committed 107392K, reserved 1142784K
  class space    used 12913K, capacity 14048K, committed 14208K, reserved 1048576K
Event: 7222.602 GC heap after
Heap after GC invocations=37 (full 4):
 PSYoungGen      total 295424K, used 58864K [0x00000000e0000000, 0x00000000f8a80000, 0x0000000100000000)
  eden space 236544K, 0% used [0x00000000e0000000,0x00000000e0000000,0x00000000ee700000)
  from space 58880K, 99% used [0x00000000ee700000,0x00000000f207c2c8,0x00000000f2080000)
  to   space 71168K, 0% used [0x00000000f4500000,0x00000000f4500000,0x00000000f8a80000)
 ParOldGen       total 217600K, used 100482K [0x00000000a0000000, 0x00000000ad480000, 0x00000000e0000000)
  object space 217600K, 46% used [0x00000000a0000000,0x00000000a6220a88,0x00000000ad480000)
 Metaspace       used 100818K, capacity 107092K, committed 107392K, reserved 1142784K
  class space    used 12913K, capacity 14048K, committed 14208K, reserved 1048576K
}
Event: 9149.805 GC heap before
{Heap before GC invocations=38 (full 4):
 PSYoungGen      total 295424K, used 295408K [0x00000000e0000000, 0x00000000f8a80000, 0x0000000100000000)
  eden space 236544K, 100% used [0x00000000e0000000,0x00000000ee700000,0x00000000ee700000)
  from space 58880K, 99% used [0x00000000ee700000,0x00000000f207c2c8,0x00000000f2080000)
  to   space 71168K, 0% used [0x00000000f4500000,0x00000000f4500000,0x00000000f8a80000)
 ParOldGen       total 217600K, used 100482K [0x00000000a0000000, 0x00000000ad480000, 0x00000000e0000000)
  object space 217600K, 46% used [0x00000000a0000000,0x00000000a6220a88,0x00000000ad480000)
 Metaspace       used 106184K, capacity 113092K, committed 113280K, reserved 1146880K
  class space    used 13594K, capacity 14865K, committed 14976K, reserved 1048576K
Event: 9149.840 GC heap after
Heap after GC invocations=38 (full 4):
 PSYoungGen      total 323584K, used 43265K [0x00000000e0000000, 0x00000000f8580000, 0x0000000100000000)
  eden space 257536K, 0% used [0x00000000e0000000,0x00000000e0000000,0x00000000efb80000)
  from space 66048K, 65% used [0x00000000f4500000,0x00000000f6f40740,0x00000000f8580000)
  to   space 70656K, 0% used [0x00000000efb80000,0x00000000efb80000,0x00000000f4080000)
 ParOldGen       total 217600K, used 100921K [0x00000000a0000000, 0x00000000ad480000, 0x00000000e0000000)
  object space 217600K, 46% used [0x00000000a0000000,0x00000000a628e6a0,0x00000000ad480000)
 Metaspace       used 106184K, capacity 113092K, committed 113280K, reserved 1146880K
  class space    used 13594K, capacity 14865K, committed 14976K, reserved 1048576K
}
Event: 10778.277 GC heap before
{Heap before GC invocations=39 (full 4):
 PSYoungGen      total 323584K, used 300801K [0x00000000e0000000, 0x00000000f8580000, 0x0000000100000000)
  eden space 257536K, 100% used [0x00000000e0000000,0x00000000efb80000,0x00000000efb80000)
  from space 66048K, 65% used [0x00000000f4500000,0x00000000f6f40740,0x00000000f8580000)
  to   space 70656K, 0% used [0x00000000efb80000,0x00000000efb80000,0x00000000f4080000)
 ParOldGen       total 217600K, used 100921K [0x00000000a0000000, 0x00000000ad480000, 0x00000000e0000000)
  object space 217600K, 46% used [0x00000000a0000000,0x00000000a628e6a0,0x00000000ad480000)
 Metaspace       used 107258K, capacity 114754K, committed 115072K, reserved 1148928K
  class space    used 13734K, capacity 15142K, committed 15232K, reserved 1048576K
Event: 10778.317 GC heap after
Heap after GC invocations=39 (full 4):
 PSYoungGen      total 328192K, used 45240K [0x00000000e0000000, 0x00000000f9900000, 0x0000000100000000)
  eden space 257536K, 0% used [0x00000000e0000000,0x00000000e0000000,0x00000000efb80000)
  from space 70656K, 64% used [0x00000000efb80000,0x00000000f27ae2e8,0x00000000f4080000)
  to   space 71168K, 0% used [0x00000000f5380000,0x00000000f5380000,0x00000000f9900000)
 ParOldGen       total 217600K, used 100929K [0x00000000a0000000, 0x00000000ad480000, 0x00000000e0000000)
  object space 217600K, 46% used [0x00000000a0000000,0x00000000a62906a0,0x00000000ad480000)
 Metaspace       used 107258K, capacity 114754K, committed 115072K, reserved 1148928K
  class space    used 13734K, capacity 15142K, committed 15232K, reserved 1048576K
}

